<?xml version="1.0" encoding="UTF-8"?>
<!-- Generated by org.testng.reporters.JUnitReportReporter -->
<testsuite skipped="0" hostname="SVDW10ACV030016" name="createlead.CreateLead" tests="1" failures="0" timestamp="08 Apr 2019 13:07:29 GMT" time="25.566" errors="0">
  <testcase name="cLead1" time="25.566" classname="createlead.CreateLead"/>
</testsuite> <!-- createlead.CreateLead -->
